<?xml version="1.0" encoding="UTF-8"?>
<!-- Generated by org.testng.reporters.JUnitXMLReporter -->
<testsuite ignored="0" hostname="VSP-5CD151BBPQ" failures="0" tests="3" name="Test" time="55.105" errors="0" timestamp="2023-02-01T14:20:16 IST">
  <testcase classname="demoProject1.TestClass1" name="Test1" time="4.393"/>
  <testcase classname="demoProject1.TestClass1" name="Test2" time="6.589"/>
  <testcase classname="demoProject1.TestClass1" name="Test3" time="1.463"/>
</testsuite> <!-- Test -->
