<?xml version="1.0" encoding="UTF-8"?>
<testng-results ignored="0" total="3" passed="3" failed="0" skipped="0">
  <reporter-output>
  </reporter-output>
  <suite started-at="2023-02-01T14:24:19 IST" name="Suite" finished-at="2023-02-01T14:25:06 IST" duration-ms="46395">
    <groups>
    </groups>
    <test started-at="2023-02-01T14:24:19 IST" name="Test" finished-at="2023-02-01T14:25:06 IST" duration-ms="46395">
      <class name="demoProject1.TestClass1">
        <test-method is-config="true" signature="launchDriver()[pri:0, instance:demoProject1.TestClass1@e350b40]" started-at="2023-02-01T14:24:20 IST" name="launchDriver" finished-at="2023-02-01T14:24:31 IST" duration-ms="11427" status="PASS">
          <reporter-output>
          </reporter-output>
        </test-method> <!-- launchDriver -->
        <test-method signature="Test1()[pri:0, instance:demoProject1.TestClass1@e350b40]" started-at="2023-02-01T14:24:31 IST" name="Test1" finished-at="2023-02-01T14:24:36 IST" duration-ms="4886" status="PASS">
          <reporter-output>
          </reporter-output>
        </test-method> <!-- Test1 -->
        <test-method is-config="true" signature="quit()[pri:0, instance:demoProject1.TestClass1@e350b40]" started-at="2023-02-01T14:24:36 IST" name="quit" finished-at="2023-02-01T14:24:39 IST" duration-ms="3455" status="PASS">
          <reporter-output>
          </reporter-output>
        </test-method> <!-- quit -->
        <test-method is-config="true" signature="launchDriver()[pri:0, instance:demoProject1.TestClass1@e350b40]" started-at="2023-02-01T14:24:39 IST" name="launchDriver" finished-at="2023-02-01T14:24:46 IST" duration-ms="6300" status="PASS">
          <reporter-output>
          </reporter-output>
        </test-method> <!-- launchDriver -->
        <test-method signature="Test2()[pri:0, instance:demoProject1.TestClass1@e350b40]" started-at="2023-02-01T14:24:46 IST" name="Test2" finished-at="2023-02-01T14:24:52 IST" duration-ms="6550" status="PASS">
          <reporter-output>
          </reporter-output>
        </test-method> <!-- Test2 -->
        <test-method is-config="true" signature="quit()[pri:0, instance:demoProject1.TestClass1@e350b40]" started-at="2023-02-01T14:24:52 IST" name="quit" finished-at="2023-02-01T14:24:55 IST" duration-ms="2817" status="PASS">
          <reporter-output>
          </reporter-output>
        </test-method> <!-- quit -->
        <test-method is-config="true" signature="launchDriver()[pri:0, instance:demoProject1.TestClass1@e350b40]" started-at="2023-02-01T14:24:55 IST" name="launchDriver" finished-at="2023-02-01T14:25:01 IST" duration-ms="6200" status="PASS">
          <reporter-output>
          </reporter-output>
        </test-method> <!-- launchDriver -->
        <test-method signature="Test3()[pri:0, instance:demoProject1.TestClass1@e350b40]" started-at="2023-02-01T14:25:01 IST" name="Test3" finished-at="2023-02-01T14:25:03 IST" duration-ms="1501" status="PASS">
          <reporter-output>
          </reporter-output>
        </test-method> <!-- Test3 -->
        <test-method is-config="true" signature="quit()[pri:0, instance:demoProject1.TestClass1@e350b40]" started-at="2023-02-01T14:25:03 IST" name="quit" finished-at="2023-02-01T14:25:06 IST" duration-ms="3069" status="PASS">
          <reporter-output>
          </reporter-output>
        </test-method> <!-- quit -->
      </class> <!-- demoProject1.TestClass1 -->
    </test> <!-- Test -->
  </suite> <!-- Suite -->
</testng-results>
