<?xml version="1.0" encoding="UTF-8"?>
<testng-results ignored="0" total="3" passed="3" failed="0" skipped="0">
  <reporter-output>
  </reporter-output>
  <suite started-at="2023-02-01T14:19:21 IST" name="Suite" finished-at="2023-02-01T14:20:16 IST" duration-ms="55105">
    <groups>
    </groups>
    <test started-at="2023-02-01T14:19:21 IST" name="Test" finished-at="2023-02-01T14:20:16 IST" duration-ms="55105">
      <class name="demoProject1.TestClass1">
        <test-method is-config="true" signature="launchDriver()[pri:0, instance:demoProject1.TestClass1@795509d9]" started-at="2023-02-01T14:19:21 IST" name="launchDriver" finished-at="2023-02-01T14:19:42 IST" duration-ms="20511" status="PASS">
          <reporter-output>
          </reporter-output>
        </test-method> <!-- launchDriver -->
        <test-method signature="Test1()[pri:0, instance:demoProject1.TestClass1@795509d9]" started-at="2023-02-01T14:19:42 IST" name="Test1" finished-at="2023-02-01T14:19:46 IST" duration-ms="4393" status="PASS">
          <reporter-output>
          </reporter-output>
        </test-method> <!-- Test1 -->
        <test-method is-config="true" signature="quit()[pri:0, instance:demoProject1.TestClass1@795509d9]" started-at="2023-02-01T14:19:46 IST" name="quit" finished-at="2023-02-01T14:19:50 IST" duration-ms="3471" status="PASS">
          <reporter-output>
          </reporter-output>
        </test-method> <!-- quit -->
        <test-method is-config="true" signature="launchDriver()[pri:0, instance:demoProject1.TestClass1@795509d9]" started-at="2023-02-01T14:19:50 IST" name="launchDriver" finished-at="2023-02-01T14:19:56 IST" duration-ms="6287" status="PASS">
          <reporter-output>
          </reporter-output>
        </test-method> <!-- launchDriver -->
        <test-method signature="Test2()[pri:0, instance:demoProject1.TestClass1@795509d9]" started-at="2023-02-01T14:19:56 IST" name="Test2" finished-at="2023-02-01T14:20:03 IST" duration-ms="6589" status="PASS">
          <reporter-output>
          </reporter-output>
        </test-method> <!-- Test2 -->
        <test-method is-config="true" signature="quit()[pri:0, instance:demoProject1.TestClass1@795509d9]" started-at="2023-02-01T14:20:03 IST" name="quit" finished-at="2023-02-01T14:20:06 IST" duration-ms="2976" status="PASS">
          <reporter-output>
          </reporter-output>
        </test-method> <!-- quit -->
        <test-method is-config="true" signature="launchDriver()[pri:0, instance:demoProject1.TestClass1@795509d9]" started-at="2023-02-01T14:20:06 IST" name="launchDriver" finished-at="2023-02-01T14:20:12 IST" duration-ms="5993" status="PASS">
          <reporter-output>
          </reporter-output>
        </test-method> <!-- launchDriver -->
        <test-method signature="Test3()[pri:0, instance:demoProject1.TestClass1@795509d9]" started-at="2023-02-01T14:20:12 IST" name="Test3" finished-at="2023-02-01T14:20:13 IST" duration-ms="1463" status="PASS">
          <reporter-output>
          </reporter-output>
        </test-method> <!-- Test3 -->
        <test-method is-config="true" signature="quit()[pri:0, instance:demoProject1.TestClass1@795509d9]" started-at="2023-02-01T14:20:13 IST" name="quit" finished-at="2023-02-01T14:20:16 IST" duration-ms="3262" status="PASS">
          <reporter-output>
          </reporter-output>
        </test-method> <!-- quit -->
      </class> <!-- demoProject1.TestClass1 -->
    </test> <!-- Test -->
  </suite> <!-- Suite -->
</testng-results>
